==============================================================================
20180129 21:58:35.214 - INFO - + START SUITE: Acceptancetest [ ]
==============================================================================
20180129 21:58:35.253 - INFO - +- START SUITE: Acceptancetest.HelloWorldTests [ ]
==============================================================================
20180129 21:58:35.263 - INFO - +-- START TEST: Say Hello [ ]
------------------------------------------------------------------------------
20180129 21:58:35.266 - INFO - +--- START KW: keywords.CustomKeywords.Greet Everyone [ ]
20180129 21:58:35.270 - INFO - +--- END KW: keywords.CustomKeywords.Greet Everyone (3)
------------------------------------------------------------------------------
20180129 21:58:35.276 - INFO - +-- END TEST: Say Hello (11)
------------------------------------------------------------------------------
20180129 21:58:35.278 - INFO - +-- START TEST: Say Hello In Pig Latin [ ]
------------------------------------------------------------------------------
20180129 21:58:35.279 - INFO - +--- START KW: keywords.CustomKeywords.Reverse Greet Everyone [ ]
20180129 21:58:35.283 - INFO - +--- END KW: keywords.CustomKeywords.Reverse Greet Everyone (2)
------------------------------------------------------------------------------
20180129 21:58:35.285 - INFO - +-- END TEST: Say Hello In Pig Latin (7)
------------------------------------------------------------------------------
20180129 21:58:35.287 - INFO - +-- START TEST: Make Sure You're Saying Hello [ ]
------------------------------------------------------------------------------
20180129 21:58:35.290 - INFO - +--- START KW: keywords.CustomKeywords.Greet Everyone [ ]
20180129 21:58:35.293 - INFO - ${result} = hello world
20180129 21:58:35.294 - INFO - +--- END KW: keywords.CustomKeywords.Greet Everyone (4)
~~~~~~~~~~~~~~~~~~~~~~~~~~~~~~~~~~~~~~~~~~~~~~~~~~~~~~~~~~~~~~~~~~~~~~~~~~~~~~
20180129 21:58:35.295 - INFO - +--- START KW: BuiltIn.Should Be Equal [ ${result} | hello world ]
20180129 21:58:35.299 - INFO - +--- END KW: BuiltIn.Should Be Equal (4)
------------------------------------------------------------------------------
20180129 21:58:35.302 - INFO - +-- END TEST: Make Sure You're Saying Hello (14)
------------------------------------------------------------------------------
20180129 21:58:35.303 - INFO - +-- START TEST: Make A Test That Fails [ ]
------------------------------------------------------------------------------
20180129 21:58:35.306 - INFO - +--- START KW: keywords.CustomKeywords.Reverse Greet Everyone [ ]
20180129 21:58:35.308 - INFO - ${result} = dlrow olleh
20180129 21:58:35.310 - INFO - +--- END KW: keywords.CustomKeywords.Reverse Greet Everyone (3)
~~~~~~~~~~~~~~~~~~~~~~~~~~~~~~~~~~~~~~~~~~~~~~~~~~~~~~~~~~~~~~~~~~~~~~~~~~~~~~
20180129 21:58:35.311 - INFO - +--- START KW: BuiltIn.Should Be Equal [ ${result} | dlrow olleh ]
20180129 21:58:35.314 - INFO - +--- END KW: BuiltIn.Should Be Equal (2)
------------------------------------------------------------------------------
20180129 21:58:35.316 - INFO - +-- END TEST: Make A Test That Fails (12)
------------------------------------------------------------------------------
20180129 21:58:35.321 - INFO - +- END SUITE: Acceptancetest.HelloWorldTests (101)
==============================================================================
20180129 21:58:35.328 - INFO - + END SUITE: Acceptancetest (268)
==============================================================================
